<?xml version="1.0" encoding="UTF-8"?>
<!-- Generated by org.testng.reporters.JUnitReportReporter -->
<testsuite hostname="DESKTOP-J4BO6EL" failures="0" tests="3" name="com.sdet2.practice.PriorityTestngTest" time="0.019" errors="0" timestamp="2021-12-13T11:25:14 IST" skipped="0">
  <testcase classname="com.sdet2.practice.PriorityTestngTest" name="bcd" time="0.002"/>
  <system-out/>
  <testcase classname="com.sdet2.practice.PriorityTestngTest" name="abc" time="0.015"/>
  <system-out/>
  <testcase classname="com.sdet2.practice.PriorityTestngTest" name="priority" time="0.002"/>
  <system-out/>
</testsuite> <!-- com.sdet2.practice.PriorityTestngTest -->
