<?xml version="1.0" encoding="UTF-8"?>
<!-- Generated by org.testng.reporters.JUnitReportReporter -->
<testsuite hostname="DESKTOP-J4BO6EL" failures="0" tests="2" name="com.Vtiger.TC.TC003_CreateContactwithOrgnisationTest" time="150.372" errors="0" timestamp="2021-12-17T11:29:40 IST" skipped="0">
  <testcase classname="com.Vtiger.TC.TC003_CreateContactwithOrgnisationTest" name="CreateContactwithOrgnisationTest" time="129.322"/>
  <system-out/>
  <testcase classname="com.Vtiger.TC.TC003_CreateContactwithOrgnisationTest" name="contactCreation" time="21.050"/>
  <system-out/>
</testsuite> <!-- com.Vtiger.TC.TC003_CreateContactwithOrgnisationTest -->
