<?xml version="1.0" encoding="UTF-8"?>
<!-- Generated by org.testng.reporters.JUnitReportReporter -->
<testsuite hostname="DESKTOP-J4BO6EL" failures="0" tests="5" name="com.sdet2.practice.DataProviderExcel" time="0.025" errors="0" timestamp="2021-12-22T10:51:49 IST" skipped="0">
  <testcase classname="com.sdet2.practice.DataProviderExcel" name="dataprovide" time="0.004"/>
  <system-out/>
  <testcase classname="com.sdet2.practice.DataProviderExcel" name="dataprovide" time="0.012"/>
  <system-out/>
  <testcase classname="com.sdet2.practice.DataProviderExcel" name="dataprovide" time="0.002"/>
  <system-out/>
  <testcase classname="com.sdet2.practice.DataProviderExcel" name="dataprovide" time="0.002"/>
  <system-out/>
  <testcase classname="com.sdet2.practice.DataProviderExcel" name="dataprovide" time="0.005"/>
  <system-out/>
</testsuite> <!-- com.sdet2.practice.DataProviderExcel -->
