<?xml version="1.0" encoding="UTF-8"?>
<!-- Generated by org.testng.reporters.JUnitReportReporter -->
<testsuite hostname="DESKTOP-J4BO6EL" failures="0" tests="4" name="com.sdet2.practice.NewDataProvider" time="0.015" errors="0" timestamp="2021-12-09T12:12:28 IST" skipped="0">
  <testcase classname="com.sdet2.practice.NewDataProvider" name="print" time="0.002"/>
  <system-out/>
  <testcase classname="com.sdet2.practice.NewDataProvider" name="print" time="0.001"/>
  <system-out/>
  <testcase classname="com.sdet2.practice.NewDataProvider" name="print" time="0.010"/>
  <system-out/>
  <testcase classname="com.sdet2.practice.NewDataProvider" name="print" time="0.002"/>
  <system-out/>
</testsuite> <!-- com.sdet2.practice.NewDataProvider -->
