<?xml version="1.0" encoding="UTF-8"?>
<!-- Generated by org.testng.reporters.JUnitReportReporter -->
<testsuite hostname="DESKTOP-J4BO6EL" failures="0" tests="1" name="com.Vtiger.TC.TC002_CreateOrganisationDropdownTest" time="56.406" errors="0" timestamp="2021-12-15T16:53:38 IST" skipped="0">
  <testcase classname="com.Vtiger.TC.TC002_CreateOrganisationDropdownTest" name="CreateOrganisationDropdownTest" time="56.406"/>
  <system-out/>
</testsuite> <!-- com.Vtiger.TC.TC002_CreateOrganisationDropdownTest -->
